C1--C3 FINITE CERTIFICATE VERIFIER
====================================
All C1--C3 certificates pass: True

C1: Krawczyk orbit certificate
  Box radius: 1e-30
  ||G(ybar)||_inf upper: 7.074240613034390477E-43
  ||A||_inf upper: 1.228569267773200443E+1
  ||I - A DG(B)||_inf upper: 5.996913721752769168E-25
  Krawczyk radius upper: 8.691194610007697420E-42
  K(B) subset int(B): True

C2: Bernstein guard-sign certificate
  Pass: True
  Global minimum non-endpoint Bernstein lower bound: 3.675551493546090391E-3
  k=0 policy=(0, 1, 1) guard=d_1 zero=start min_nonendpoint=5.864200083478E+0
      endpoint coefficient interval: ['-9.615241478335000000000000000000000000000000000000000000000000000000038161993721902230869049307E-29', '-9.615241478334999999999999999999999999999999999999999999999999999999964872308138061625131156185E-29']
  k=0 policy=(0, 1, 1) guard=d_2 zero=exit min_nonendpoint=2.237939103349E-1
      endpoint coefficient interval: ['3.323527578515960896304084185496070944147353522019499857409691347317591886867E-28', '3.323527578515960896304084185496070944147353522019499857409691347317592556883E-28']
  k=0 policy=(0, 1, 1) guard=d_3 zero=none min_nonendpoint=1.461419593885E-1
  k=1 policy=(0, 0, 1) guard=d_1 zero=exit min_nonendpoint=5.122128038637E-1
      endpoint coefficient interval: ['-4.455862978969158403633854558186819620800603811174666087719620691624521584E-26', '-4.455862978969158403633854558186819620800603811174666087719620691624521545E-26']
  k=1 policy=(0, 0, 1) guard=d_2 zero=start min_nonendpoint=8.562859892779E-1
      endpoint coefficient interval: ['-3.323527578515960896304084185496070944147353522019499857409691347317599220819541752866187004158915874E-28', '-3.323527578515960896304084185496070944147353522019499857409691347317585155237680498866417814991566208E-28']
  k=1 policy=(0, 0, 1) guard=d_3 zero=none min_nonendpoint=1.174429066523E+1
  k=2 policy=(1, 0, 1) guard=d_1 zero=start min_nonendpoint=6.846567510063E-1
      endpoint coefficient interval: ['4.455862978969158403633854558186819620800603811174666087719620691624521527256923437310420499468582025E-26', '4.455862978969158403633854558186819620800603811174666087719620691624521600530325485890649837267786897E-26']
  k=2 policy=(1, 0, 1) guard=d_2 zero=none min_nonendpoint=2.053717622435E+1
  k=2 policy=(1, 0, 1) guard=d_3 zero=exit min_nonendpoint=2.609065055587E-1
      endpoint coefficient interval: ['-6.6027220107730420931042839922432672049107811418334376626879658121966193339E-27', '-6.6027220107730420931042839922432672049107811418334376626879658121966188490E-27']
  k=3 policy=(1, 0, 0) guard=d_1 zero=none min_nonendpoint=1.977252642442E+1
  k=3 policy=(1, 0, 0) guard=d_2 zero=exit min_nonendpoint=6.604550356681E-1
      endpoint coefficient interval: ['-3.6493251618023215827250782728927314168561405926870946386982326299528032935E-26', '-3.6493251618023215827250782728927314168561405926870946386982326299528031840E-26']
  k=3 policy=(1, 0, 0) guard=d_3 zero=start min_nonendpoint=5.114992328957E-1
      endpoint coefficient interval: ['6.602722010773042093104283992243267204910781141833437662687965812196618723336637076919758823666916693E-27', '6.602722010773042093104283992243267204910781141833437662687965812196619505205083606595403124855291622E-27']
  k=4 policy=(1, 1, 0) guard=d_1 zero=none min_nonendpoint=4.656732466006E-1
  k=4 policy=(1, 1, 0) guard=d_2 zero=start min_nonendpoint=1.053358569771E+1
      endpoint coefficient interval: ['3.649325161802321582725078272892731416856140592687094638698232629952803120777723656417955607878321E-26', '3.649325161802321582725078272892731416856140592687094638698232629952803359372274616089030229407387E-26']
  k=4 policy=(1, 1, 0) guard=d_3 zero=exit min_nonendpoint=1.306398249628E-1
      endpoint coefficient interval: ['-9.614695833311170163756816216855637159054547222886936383231693958637800844862E-29', '-9.614695833311170163756816216855637159054547222886936383231693958637774944851E-29']
  k=5 policy=(1, 1, 1) guard=d_1 zero=exit min_nonendpoint=1.145567942747E-2
      endpoint coefficient interval: ['-2.030479343707724715507185582494164920016885212983457947892966828783652358E-26', '-2.030479343707724715507185582494164920016885212983457947892966828783652318E-26']
  k=5 policy=(1, 1, 1) guard=d_2 zero=none min_nonendpoint=1.760146246830E+1
  k=5 policy=(1, 1, 1) guard=d_3 zero=start min_nonendpoint=3.675551493546E-3
      endpoint coefficient interval: ['9.614695833311170163756816216855637159054547222886936383231693958637771284857503820262397165771848670E-29', '9.614695833311170163756816216855637159054547222886936383231693958637804565330938082169429292112620702E-29']

C3: one-way transversality / no-sliding certificate
  Pass: True
  k=0 guard=d_2 incoming=['0.5300679479313972842549109792101146909997436384995190188811979805287925512196264086618632259486984772', '0.5300679479313972842549109792101146909997436384995190188811979805287925512196264086618632259486984941'] outgoing=['42.61554291262965644386585431878512294146097087096540936125508955576905345325134205751047827075059684', '42.61554291262965644386585431878512294146097087096540936125508955576905345325134205751047827075059699'] same_nonzero_sign=True
  k=1 guard=d_1 incoming=['-25.08197783731553823551843430332835926353575762963030713962370963992103431196961245907310746710683635', '-25.08197783731553823551843430332835926353575762963030713962370963992103431196961245907310746710683620'] outgoing=['-25.91003472977312999493487954517339712669450883709315893565832866849502130904934257071435561363679946', '-25.91003472977312999493487954517339712669450883709315893565832866849502130904934257071435561363679932'] same_nonzero_sign=True
  k=2 guard=d_3 incoming=['9.664976632734351984993989123028093353632255887175194121364569871063499510896357482836181000615412456', '9.664976632734351984993989123028093353632255887175194121364569871063499510896357482836181000615412528'] outgoing=['9.571195210324810935415534970785593840029904330017818518530898457030061967998118095185483317724655017', '9.571195210324810935415534970785593840029904330017818518530898457030061967998118095185483317724655090'] same_nonzero_sign=True
  k=3 guard=d_2 incoming=['-11.83009844312119281664592829681575254697307854428168420912994142356489761394000093592541707949008194', '-11.83009844312119281664592829681575254697307854428168420912994142356489761394000093592541707949008164'] outgoing=['-33.44067610875640555231685276382418102599214147905493682844508887395235194256259514724396413862886079', '-33.44067610875640555231685276382418102599214147905493682844508887395235194256259514724396413862886052'] same_nonzero_sign=True
  k=4 guard=d_3 incoming=['-0.3102266914461338247408830024580226055493574476557215086277473393483448597971110242903944139484666265', '-0.3102266914461338247408830024580226055493574476557215086277473393483448597971110242903944139484666175'] outgoing=['-3.230869320816967226797835300726791685554344874168707043678395460920485727674965667836336177988776220', '-3.230869320816967226797835300726791685554344874168707043678395460920485727674965667836336177988776207'] same_nonzero_sign=True
  k=5 guard=d_1 incoming=['10.06056329901788538464471044086158533495833418938739023099548866942823146849253733781364517158832651', '10.06056329901788538464471044086158533495833418938739023099548866942823146849253733781364517158832656'] outgoing=['18.58103427577484990213225923945521326911050150039299728371847087040793512912084831732328904839227697', '18.58103427577484990213225923945521326911050150039299728371847087040793512912084831732328904839227703'] same_nonzero_sign=True

