C4+ POINCARE-SECTION INTERVAL CERTIFICATE
==========================================
Section: d_1(x)=0, parameters u=x_2-x0_2, v=x_3-x0_3
Section normal grad d_1: ['4787849273/12500000000', '-33183000319/200000000000', '-43422588049/200000000000']
Section box radius in (u,v): 1e-3
Subdivision grid: 4 x 4 = 16 boxes
Initial root bracket half-width: 1e-4
Interval Newton iterations per event: 8

Center section residual upper: 7.074240613034390477E-43
Max section-derivative row-sum upper bounds:
  row 1: 6.232838304391809251E-1
  row 2: 4.392940780592150007E-1
Max ||D Pi(V)||_inf in section coordinates: 6.232838304391809251E-1
Max event-root interval width: 2.007394413782145128E-5
Minimum |dphi/dr| lower bound: 2.073364704339957020E+1
Minimum |event denominator| lower bound: 3.101694270628263705E-1
MVT image-radius upper: 6.232838304391809251E-4
Contraction < 1: True
Pi(V) subset int(V) by MVT: True

Per-subbox derivative norms:
  cell (0,0): row sums ['0.6232237730266507084167395756', '0.4392539695349041840345359669'], norm 0.6232237730266507084167395756
  cell (0,1): row sums ['0.6232363259350689341384771882', '0.4392623579766688634015306583'], norm 0.6232363259350689341384771882
  cell (0,2): row sums ['0.6232488741677003546381551606', '0.4392707414813666376349321423'], norm 0.6232488741677003546381551606
  cell (0,3): row sums ['0.6232614208691256523224935977', '0.4392791227643517228900965588'], norm 0.6232614208691256523224935977
  cell (1,0): row sums ['0.6232312519389481519398709829', '0.4392589664106362810444445094'], norm 0.6232312519389481519398709829
  cell (1,1): row sums ['0.6232437990965461055219942720', '0.4392673480491838350969308252'], norm 0.6232437990965461055219942720
  cell (1,2): row sums ['0.6232563459255001606811504633', '0.4392757294349138652172467154'], norm 0.6232563459255001606811504633
  cell (1,3): row sums ['0.6232688924208885916330108499', '0.4392841105599386067880182102'], norm 0.6232688924208885916330108499
  cell (2,0): row sums ['0.6232387239879323084474803836', '0.4392639545864863868162354519'], norm 0.6232387239879323084474803836
  cell (2,1): row sums ['0.6232512709401927008082409504', '0.4392723360680311471406475384'], norm 0.6232512709401927008082409504
  cell (2,2): row sums ['0.6232638175620974539788527178', '0.4392807172939747342820359584'], norm 0.6232638175620974539788527178
  cell (2,3): row sums ['0.6232763638536874535949984140', '0.4392890982652439131303441145'], norm 0.6232763638536874535949984140
  cell (3,0): row sums ['0.6232461959176185970104223743', '0.4392689426709317743946132221'], norm 0.6232461959176185970104223743
  cell (3,1): row sums ['0.6232587426642163873085018626', '0.4392773239949843718777945112'], norm 0.6232587426642163873085018626
  cell (3,2): row sums ['0.6232712890757248169636470217', '0.4392857050560687022870252057'], norm 0.6232712890757248169636470217
  cell (3,3): row sums ['0.6232838304391809250906151141', '0.4392940780592150007303867984'], norm 0.6232838304391809250906151141
